c:\users\veason\desktop\粒径参数求解程序+源代码\源代码\粒径参数求解\粒径参数求解\release\chapter16.pch
c:\users\veason\desktop\粒径参数求解程序+源代码\源代码\粒径参数求解\粒径参数求解\release\vc140.pdb
c:\users\veason\desktop\粒径参数求解程序+源代码\源代码\粒径参数求解\粒径参数求解\release\stdafx.obj
c:\users\veason\desktop\粒径参数求解程序+源代码\源代码\粒径参数求解\粒径参数求解\release\splitterwnd.obj
c:\users\veason\desktop\粒径参数求解程序+源代码\源代码\粒径参数求解\粒径参数求解\release\mainfrm.obj
c:\users\veason\desktop\粒径参数求解程序+源代码\源代码\粒径参数求解\粒径参数求解\release\leftpaneview.obj
c:\users\veason\desktop\粒径参数求解程序+源代码\源代码\粒径参数求解\粒径参数求解\release\chapter16view.obj
c:\users\veason\desktop\粒径参数求解程序+源代码\源代码\粒径参数求解\粒径参数求解\release\chapter16doc.obj
c:\users\veason\desktop\粒径参数求解程序+源代码\源代码\粒径参数求解\粒径参数求解\release\chapter16.obj
c:\users\veason\desktop\粒径参数求解程序+源代码\源代码\粒径参数求解\粒径参数求解\release\prehand.obj
c:\users\veason\desktop\粒径参数求解程序+源代码\源代码\粒径参数求解\粒径参数求解\release\chapter16.exe
c:\users\veason\desktop\粒径参数求解程序+源代码\源代码\粒径参数求解\粒径参数求解\release\chapter16.pdb
c:\users\veason\desktop\粒径参数求解程序+源代码\源代码\粒径参数求解\粒径参数求解\release\chapter16.res
c:\users\veason\desktop\粒径参数求解程序+源代码\源代码\粒径参数求解\粒径参数求解\.\release\chapter16.exe
c:\users\veason\desktop\粒径参数求解程序+源代码\源代码\粒径参数求解\粒径参数求解\release\chapter16.tlog\cl.command.1.tlog
c:\users\veason\desktop\粒径参数求解程序+源代码\源代码\粒径参数求解\粒径参数求解\release\chapter16.tlog\cl.read.1.tlog
c:\users\veason\desktop\粒径参数求解程序+源代码\源代码\粒径参数求解\粒径参数求解\release\chapter16.tlog\cl.write.1.tlog
c:\users\veason\desktop\粒径参数求解程序+源代码\源代码\粒径参数求解\粒径参数求解\release\chapter16.tlog\link.command.1.tlog
c:\users\veason\desktop\粒径参数求解程序+源代码\源代码\粒径参数求解\粒径参数求解\release\chapter16.tlog\link.read.1.tlog
c:\users\veason\desktop\粒径参数求解程序+源代码\源代码\粒径参数求解\粒径参数求解\release\chapter16.tlog\link.write.1.tlog
c:\users\veason\desktop\粒径参数求解程序+源代码\源代码\粒径参数求解\粒径参数求解\release\chapter16.tlog\rc.command.1.tlog
c:\users\veason\desktop\粒径参数求解程序+源代码\源代码\粒径参数求解\粒径参数求解\release\chapter16.tlog\rc.read.1.tlog
c:\users\veason\desktop\粒径参数求解程序+源代码\源代码\粒径参数求解\粒径参数求解\release\chapter16.tlog\rc.write.1.tlog
