c:\users\veason\desktop\粒径参数求解程序+源代码\源代码\粒径参数求解\粒径参数求解\debug\chapter16.bsc
c:\users\veason\desktop\粒径参数求解程序+源代码\源代码\粒径参数求解\粒径参数求解\debug\chapter16.pch
c:\users\veason\desktop\粒径参数求解程序+源代码\源代码\粒径参数求解\粒径参数求解\debug\vc140.pdb
c:\users\veason\desktop\粒径参数求解程序+源代码\源代码\粒径参数求解\粒径参数求解\debug\vc140.idb
c:\users\veason\desktop\粒径参数求解程序+源代码\源代码\粒径参数求解\粒径参数求解\debug\stdafx.sbr
c:\users\veason\desktop\粒径参数求解程序+源代码\源代码\粒径参数求解\粒径参数求解\debug\stdafx.obj
c:\users\veason\desktop\粒径参数求解程序+源代码\源代码\粒径参数求解\粒径参数求解\debug\splitterwnd.sbr
c:\users\veason\desktop\粒径参数求解程序+源代码\源代码\粒径参数求解\粒径参数求解\debug\mainfrm.sbr
c:\users\veason\desktop\粒径参数求解程序+源代码\源代码\粒径参数求解\粒径参数求解\debug\leftpaneview.sbr
c:\users\veason\desktop\粒径参数求解程序+源代码\源代码\粒径参数求解\粒径参数求解\debug\chapter16view.sbr
c:\users\veason\desktop\粒径参数求解程序+源代码\源代码\粒径参数求解\粒径参数求解\debug\chapter16doc.sbr
c:\users\veason\desktop\粒径参数求解程序+源代码\源代码\粒径参数求解\粒径参数求解\debug\chapter16.sbr
c:\users\veason\desktop\粒径参数求解程序+源代码\源代码\粒径参数求解\粒径参数求解\debug\chapter16.obj
c:\users\veason\desktop\粒径参数求解程序+源代码\源代码\粒径参数求解\粒径参数求解\debug\chapter16doc.obj
c:\users\veason\desktop\粒径参数求解程序+源代码\源代码\粒径参数求解\粒径参数求解\debug\chapter16view.obj
c:\users\veason\desktop\粒径参数求解程序+源代码\源代码\粒径参数求解\粒径参数求解\debug\leftpaneview.obj
c:\users\veason\desktop\粒径参数求解程序+源代码\源代码\粒径参数求解\粒径参数求解\debug\mainfrm.obj
c:\users\veason\desktop\粒径参数求解程序+源代码\源代码\粒径参数求解\粒径参数求解\debug\splitterwnd.obj
c:\users\veason\desktop\粒径参数求解程序+源代码\源代码\粒径参数求解\粒径参数求解\debug\prehand.sbr
c:\users\veason\desktop\粒径参数求解程序+源代码\源代码\粒径参数求解\粒径参数求解\debug\prehand.obj
c:\users\veason\desktop\粒径参数求解程序+源代码\源代码\粒径参数求解\粒径参数求解\debug\chapter16.ilk
c:\users\veason\desktop\粒径参数求解程序+源代码\源代码\粒径参数求解\粒径参数求解\debug\chapter16.exe
c:\users\veason\desktop\粒径参数求解程序+源代码\源代码\粒径参数求解\粒径参数求解\debug\chapter16.pdb
c:\users\veason\desktop\粒径参数求解程序+源代码\源代码\粒径参数求解\粒径参数求解\debug\chapter16.res
c:\users\veason\desktop\粒径参数求解程序+源代码\源代码\粒径参数求解\粒径参数求解\.\debug\chapter16.exe
c:\users\veason\desktop\粒径参数求解程序+源代码\源代码\粒径参数求解\粒径参数求解\debug\chapter16.tlog\bscmake.command.1.tlog
c:\users\veason\desktop\粒径参数求解程序+源代码\源代码\粒径参数求解\粒径参数求解\debug\chapter16.tlog\bscmake.read.1.tlog
c:\users\veason\desktop\粒径参数求解程序+源代码\源代码\粒径参数求解\粒径参数求解\debug\chapter16.tlog\bscmake.write.1.tlog
c:\users\veason\desktop\粒径参数求解程序+源代码\源代码\粒径参数求解\粒径参数求解\debug\chapter16.tlog\cl.command.1.tlog
c:\users\veason\desktop\粒径参数求解程序+源代码\源代码\粒径参数求解\粒径参数求解\debug\chapter16.tlog\cl.read.1.tlog
c:\users\veason\desktop\粒径参数求解程序+源代码\源代码\粒径参数求解\粒径参数求解\debug\chapter16.tlog\cl.write.1.tlog
c:\users\veason\desktop\粒径参数求解程序+源代码\源代码\粒径参数求解\粒径参数求解\debug\chapter16.tlog\link.command.1.tlog
c:\users\veason\desktop\粒径参数求解程序+源代码\源代码\粒径参数求解\粒径参数求解\debug\chapter16.tlog\link.read.1.tlog
c:\users\veason\desktop\粒径参数求解程序+源代码\源代码\粒径参数求解\粒径参数求解\debug\chapter16.tlog\link.write.1.tlog
c:\users\veason\desktop\粒径参数求解程序+源代码\源代码\粒径参数求解\粒径参数求解\debug\chapter16.tlog\rc.command.1.tlog
c:\users\veason\desktop\粒径参数求解程序+源代码\源代码\粒径参数求解\粒径参数求解\debug\chapter16.tlog\rc.read.1.tlog
c:\users\veason\desktop\粒径参数求解程序+源代码\源代码\粒径参数求解\粒径参数求解\debug\chapter16.tlog\rc.write.1.tlog
