  StdAfx.cpp
  _WIN32_WINNT not defined. Defaulting to _WIN32_WINNT_MAXVER (see WinSDKVer.h)
  SplitterWnd.cpp
  MainFrm.cpp
e:\学习资料\c++\粒径参数求解程序+源代码\源代码\粒径参数求解\粒径参数求解\mainfrm.cpp(3): warning C4005: “_AFXDLL”: 宏重定义
  e:\学习资料\c++\粒径参数求解程序+源代码\源代码\粒径参数求解\粒径参数求解\mainfrm.cpp(3): note: 命令行参数: 参见前面的“_AFXDLL”定义
e:\学习资料\c++\粒径参数求解程序+源代码\源代码\粒径参数求解\粒径参数求解\mainfrm.cpp(3): warning C4603: “_AFXDLL”: 未定义宏或在预编译头使用后定义发生改变
  e:\学习资料\c++\粒径参数求解程序+源代码\源代码\粒径参数求解\粒径参数求解\mainfrm.cpp(3): note: 将宏添加到预编译头中，而不是在此处定义
  e:\学习资料\c++\粒径参数求解程序+源代码\源代码\粒径参数求解\粒径参数求解\mainfrm.cpp(4): note: 使用预编译头
  LeftPaneView.cpp
  Chapter16View.cpp
e:\学习资料\c++\粒径参数求解程序+源代码\源代码\粒径参数求解\粒径参数求解\chapter16view.cpp(153): warning C4244: “参数”: 从“double”转换到“int”，可能丢失数据
e:\学习资料\c++\粒径参数求解程序+源代码\源代码\粒径参数求解\粒径参数求解\chapter16view.cpp(154): warning C4244: “参数”: 从“double”转换到“int”，可能丢失数据
e:\学习资料\c++\粒径参数求解程序+源代码\源代码\粒径参数求解\粒径参数求解\chapter16view.cpp(155): warning C4244: “参数”: 从“double”转换到“int”，可能丢失数据
e:\学习资料\c++\粒径参数求解程序+源代码\源代码\粒径参数求解\粒径参数求解\chapter16view.cpp(157): warning C4244: “参数”: 从“double”转换到“int”，可能丢失数据
e:\学习资料\c++\粒径参数求解程序+源代码\源代码\粒径参数求解\粒径参数求解\chapter16view.cpp(158): warning C4244: “参数”: 从“double”转换到“int”，可能丢失数据
e:\学习资料\c++\粒径参数求解程序+源代码\源代码\粒径参数求解\粒径参数求解\chapter16view.cpp(159): warning C4244: “参数”: 从“double”转换到“int”，可能丢失数据
e:\学习资料\c++\粒径参数求解程序+源代码\源代码\粒径参数求解\粒径参数求解\chapter16view.cpp(164): warning C4244: “参数”: 从“double”转换到“int”，可能丢失数据
e:\学习资料\c++\粒径参数求解程序+源代码\源代码\粒径参数求解\粒径参数求解\chapter16view.cpp(170): warning C4244: “参数”: 从“double”转换到“int”，可能丢失数据
e:\学习资料\c++\粒径参数求解程序+源代码\源代码\粒径参数求解\粒径参数求解\chapter16view.cpp(171): warning C4244: “参数”: 从“double”转换到“int”，可能丢失数据
e:\学习资料\c++\粒径参数求解程序+源代码\源代码\粒径参数求解\粒径参数求解\chapter16view.cpp(172): warning C4244: “参数”: 从“double”转换到“int”，可能丢失数据
e:\学习资料\c++\粒径参数求解程序+源代码\源代码\粒径参数求解\粒径参数求解\chapter16view.cpp(173): warning C4244: “参数”: 从“double”转换到“int”，可能丢失数据
e:\学习资料\c++\粒径参数求解程序+源代码\源代码\粒径参数求解\粒径参数求解\chapter16view.cpp(174): warning C4244: “参数”: 从“double”转换到“int”，可能丢失数据
e:\学习资料\c++\粒径参数求解程序+源代码\源代码\粒径参数求解\粒径参数求解\chapter16view.cpp(175): warning C4244: “参数”: 从“double”转换到“int”，可能丢失数据
e:\学习资料\c++\粒径参数求解程序+源代码\源代码\粒径参数求解\粒径参数求解\chapter16view.cpp(176): warning C4244: “参数”: 从“double”转换到“int”，可能丢失数据
e:\学习资料\c++\粒径参数求解程序+源代码\源代码\粒径参数求解\粒径参数求解\chapter16view.cpp(177): warning C4244: “参数”: 从“double”转换到“int”，可能丢失数据
e:\学习资料\c++\粒径参数求解程序+源代码\源代码\粒径参数求解\粒径参数求解\chapter16view.cpp(178): warning C4244: “参数”: 从“double”转换到“int”，可能丢失数据
e:\学习资料\c++\粒径参数求解程序+源代码\源代码\粒径参数求解\粒径参数求解\chapter16view.cpp(180): warning C4244: “参数”: 从“double”转换到“int”，可能丢失数据
e:\学习资料\c++\粒径参数求解程序+源代码\源代码\粒径参数求解\粒径参数求解\chapter16view.cpp(181): warning C4244: “参数”: 从“double”转换到“int”，可能丢失数据
e:\学习资料\c++\粒径参数求解程序+源代码\源代码\粒径参数求解\粒径参数求解\chapter16view.cpp(182): warning C4244: “参数”: 从“double”转换到“int”，可能丢失数据
e:\学习资料\c++\粒径参数求解程序+源代码\源代码\粒径参数求解\粒径参数求解\chapter16view.cpp(183): warning C4244: “参数”: 从“double”转换到“int”，可能丢失数据
e:\学习资料\c++\粒径参数求解程序+源代码\源代码\粒径参数求解\粒径参数求解\chapter16view.cpp(184): warning C4244: “参数”: 从“double”转换到“int”，可能丢失数据
e:\学习资料\c++\粒径参数求解程序+源代码\源代码\粒径参数求解\粒径参数求解\chapter16view.cpp(186): warning C4244: “参数”: 从“double”转换到“int”，可能丢失数据
e:\学习资料\c++\粒径参数求解程序+源代码\源代码\粒径参数求解\粒径参数求解\chapter16view.cpp(187): warning C4244: “参数”: 从“double”转换到“int”，可能丢失数据
e:\学习资料\c++\粒径参数求解程序+源代码\源代码\粒径参数求解\粒径参数求解\chapter16view.cpp(188): warning C4244: “参数”: 从“double”转换到“int”，可能丢失数据
e:\学习资料\c++\粒径参数求解程序+源代码\源代码\粒径参数求解\粒径参数求解\chapter16view.cpp(189): warning C4244: “参数”: 从“double”转换到“int”，可能丢失数据
e:\学习资料\c++\粒径参数求解程序+源代码\源代码\粒径参数求解\粒径参数求解\chapter16view.cpp(193): warning C4244: “参数”: 从“double”转换到“int”，可能丢失数据
e:\学习资料\c++\粒径参数求解程序+源代码\源代码\粒径参数求解\粒径参数求解\chapter16view.cpp(194): warning C4244: “参数”: 从“double”转换到“int”，可能丢失数据
e:\学习资料\c++\粒径参数求解程序+源代码\源代码\粒径参数求解\粒径参数求解\chapter16view.cpp(195): warning C4244: “参数”: 从“double”转换到“int”，可能丢失数据
e:\学习资料\c++\粒径参数求解程序+源代码\源代码\粒径参数求解\粒径参数求解\chapter16view.cpp(196): warning C4244: “参数”: 从“double”转换到“int”，可能丢失数据
e:\学习资料\c++\粒径参数求解程序+源代码\源代码\粒径参数求解\粒径参数求解\chapter16view.cpp(197): warning C4244: “参数”: 从“double”转换到“int”，可能丢失数据
e:\学习资料\c++\粒径参数求解程序+源代码\源代码\粒径参数求解\粒径参数求解\chapter16view.cpp(198): warning C4244: “参数”: 从“double”转换到“int”，可能丢失数据
e:\学习资料\c++\粒径参数求解程序+源代码\源代码\粒径参数求解\粒径参数求解\chapter16view.cpp(199): warning C4244: “参数”: 从“double”转换到“int”，可能丢失数据
e:\学习资料\c++\粒径参数求解程序+源代码\源代码\粒径参数求解\粒径参数求解\chapter16view.cpp(200): warning C4244: “参数”: 从“double”转换到“int”，可能丢失数据
e:\学习资料\c++\粒径参数求解程序+源代码\源代码\粒径参数求解\粒径参数求解\chapter16view.cpp(201): warning C4244: “参数”: 从“double”转换到“int”，可能丢失数据
e:\学习资料\c++\粒径参数求解程序+源代码\源代码\粒径参数求解\粒径参数求解\chapter16view.cpp(202): warning C4244: “参数”: 从“double”转换到“int”，可能丢失数据
e:\学习资料\c++\粒径参数求解程序+源代码\源代码\粒径参数求解\粒径参数求解\chapter16view.cpp(203): warning C4244: “参数”: 从“double”转换到“int”，可能丢失数据
e:\学习资料\c++\粒径参数求解程序+源代码\源代码\粒径参数求解\粒径参数求解\chapter16view.cpp(204): warning C4244: “参数”: 从“double”转换到“int”，可能丢失数据
e:\学习资料\c++\粒径参数求解程序+源代码\源代码\粒径参数求解\粒径参数求解\chapter16view.cpp(205): warning C4244: “参数”: 从“double”转换到“int”，可能丢失数据
e:\学习资料\c++\粒径参数求解程序+源代码\源代码\粒径参数求解\粒径参数求解\chapter16view.cpp(206): warning C4244: “参数”: 从“double”转换到“int”，可能丢失数据
e:\学习资料\c++\粒径参数求解程序+源代码\源代码\粒径参数求解\粒径参数求解\chapter16view.cpp(207): warning C4244: “参数”: 从“double”转换到“int”，可能丢失数据
e:\学习资料\c++\粒径参数求解程序+源代码\源代码\粒径参数求解\粒径参数求解\chapter16view.cpp(208): warning C4244: “参数”: 从“double”转换到“int”，可能丢失数据
e:\学习资料\c++\粒径参数求解程序+源代码\源代码\粒径参数求解\粒径参数求解\chapter16view.cpp(210): warning C4244: “参数”: 从“double”转换到“int”，可能丢失数据
e:\学习资料\c++\粒径参数求解程序+源代码\源代码\粒径参数求解\粒径参数求解\chapter16view.cpp(211): warning C4244: “参数”: 从“double”转换到“int”，可能丢失数据
e:\学习资料\c++\粒径参数求解程序+源代码\源代码\粒径参数求解\粒径参数求解\chapter16view.cpp(212): warning C4244: “参数”: 从“double”转换到“int”，可能丢失数据
e:\学习资料\c++\粒径参数求解程序+源代码\源代码\粒径参数求解\粒径参数求解\chapter16view.cpp(213): warning C4244: “参数”: 从“double”转换到“int”，可能丢失数据
e:\学习资料\c++\粒径参数求解程序+源代码\源代码\粒径参数求解\粒径参数求解\chapter16view.cpp(214): warning C4244: “参数”: 从“double”转换到“int”，可能丢失数据
e:\学习资料\c++\粒径参数求解程序+源代码\源代码\粒径参数求解\粒径参数求解\chapter16view.cpp(215): warning C4244: “参数”: 从“double”转换到“int”，可能丢失数据
e:\学习资料\c++\粒径参数求解程序+源代码\源代码\粒径参数求解\粒径参数求解\chapter16view.cpp(216): warning C4244: “参数”: 从“double”转换到“int”，可能丢失数据
e:\学习资料\c++\粒径参数求解程序+源代码\源代码\粒径参数求解\粒径参数求解\chapter16view.cpp(217): warning C4244: “参数”: 从“double”转换到“int”，可能丢失数据
e:\学习资料\c++\粒径参数求解程序+源代码\源代码\粒径参数求解\粒径参数求解\chapter16view.cpp(228): warning C4244: “=”: 从“double”转换到“LONG”，可能丢失数据
e:\学习资料\c++\粒径参数求解程序+源代码\源代码\粒径参数求解\粒径参数求解\chapter16view.cpp(229): warning C4244: “=”: 从“double”转换到“LONG”，可能丢失数据
e:\学习资料\c++\粒径参数求解程序+源代码\源代码\粒径参数求解\粒径参数求解\chapter16view.cpp(238): warning C4244: “=”: 从“double”转换到“LONG”，可能丢失数据
e:\学习资料\c++\粒径参数求解程序+源代码\源代码\粒径参数求解\粒径参数求解\chapter16view.cpp(239): warning C4244: “=”: 从“double”转换到“LONG”，可能丢失数据
e:\学习资料\c++\粒径参数求解程序+源代码\源代码\粒径参数求解\粒径参数求解\chapter16view.cpp(246): warning C4244: “参数”: 从“double”转换到“int”，可能丢失数据
e:\学习资料\c++\粒径参数求解程序+源代码\源代码\粒径参数求解\粒径参数求解\chapter16view.cpp(248): warning C4244: “参数”: 从“double”转换到“int”，可能丢失数据
e:\学习资料\c++\粒径参数求解程序+源代码\源代码\粒径参数求解\粒径参数求解\chapter16view.cpp(250): warning C4244: “参数”: 从“double”转换到“int”，可能丢失数据
e:\学习资料\c++\粒径参数求解程序+源代码\源代码\粒径参数求解\粒径参数求解\chapter16view.cpp(252): warning C4244: “参数”: 从“double”转换到“int”，可能丢失数据
e:\学习资料\c++\粒径参数求解程序+源代码\源代码\粒径参数求解\粒径参数求解\chapter16view.cpp(254): warning C4244: “参数”: 从“double”转换到“int”，可能丢失数据
  Chapter16Doc.cpp
  Chapter16.cpp
e:\学习资料\c++\粒径参数求解程序+源代码\源代码\粒径参数求解\粒径参数求解\chapter16.cpp(59): warning C4996: 'CWinApp::Enable3dControls': CWinApp::Enable3dControls is no longer needed. You should remove this call.
  c:\program files (x86)\microsoft visual studio\2017\community\vc\tools\msvc\14.11.25503\atlmfc\include\afxwin.h(5229): note: 参见“CWinApp::Enable3dControls”的声明
  正在生成代码...
  PreHand.cpp
  _WIN32_WINNT not defined. Defaulting to _WIN32_WINNT_MAXVER (see WinSDKVer.h)
Chapter16.obj : warning LNK4075: 忽略“/EDITANDCONTINUE”(由于“/SAFESEH”规范)
  Chapter16.vcxproj -> E:\学习资料\C++\粒径参数求解程序+源代码\源代码\粒径参数求解\粒径参数求解\.\Debug\Chapter16.exe
